<?xml version="1.0" encoding="UTF-8"?>
<!-- Generated by org.testng.reporters.JUnitReportReporter -->
<testsuite hostname="BIPLP056" failures="0" tests="1" name="com.KPSC.qa.TestClass.KPSCPersonalDetailsTest" time="5.918" errors="0" timestamp="2021-07-05T13:42:32 IST" skipped="0">
  <testcase classname="com.KPSC.qa.TestClass.KPSCPersonalDetailsTest" name="createProfile" time="5.918"/>
  <system-out/>
</testsuite> <!-- com.KPSC.qa.TestClass.KPSCPersonalDetailsTest -->
