<?xml version="1.0" encoding="UTF-8"?>
<!-- Generated by org.testng.reporters.JUnitReportReporter -->
<testsuite hostname="BIPLP056" failures="0" tests="1" name="com.KPSC.qa.TestClass.KPSCCreateAdvertisementTest" time="16.883" errors="0" timestamp="2021-07-08T11:06:37 IST" skipped="0">
  <testcase classname="com.KPSC.qa.TestClass.KPSCCreateAdvertisementTest" name="CreateAdvert" time="16.883"/>
  <system-out/>
</testsuite> <!-- com.KPSC.qa.TestClass.KPSCCreateAdvertisementTest -->
